-------------------------------------------------------------------------------------
      name:  <unnamed>
       log:  /Users/yoga/Dropbox/0 FSU/4_2022 fall/2_applied economics/2 generate my 
> dataset_run code/RD code/RDregression_1109.log
  log type:  text
 opened on:   9 Nov 2022, 19:52:08

. clear all

. set linesize 85

. macro drop _all

. 
. //use office file
. cls

. clear 

. sysuse office_data_for_RD.dta

. 
. //my dependent variable is office building transaction volumns
. /* my focused variable is covid, which equals 1 when the time is after 2020 quarter
>  1,
> which equals 0 when the time is before or equal to 2020 quarter 1. 
> meanwhile, I use the metropolitan area and year fixed effect regression.
> */
. 
. reg salesvolumetransactions covid i.cbsacode i.year

      Source |       SS           df       MS      Number of obs   =       382
-------------+----------------------------------   F(27, 354)      =    113.59
       Model |  685995.059        27  25407.2244   Prob > F        =    0.0000
    Residual |  79180.9014       354  223.674863   R-squared       =    0.8965
-------------+----------------------------------   Adj R-squared   =    0.8886
       Total |  765175.961       381  2008.33585   Root MSE        =    14.956

------------------------------------------------------------------------------
salesvolum~s |      Coef.   Std. Err.      t    P>|t|     [95% Conf. Interval]
-------------+----------------------------------------------------------------
       covid |  -8.361111   3.525107    -2.37   0.018     -15.2939   -1.428325
             |
    cbsacode |
      18880  |   -21.4375   5.287661    -4.05   0.000    -31.83668   -11.03832
      19660  |     -9.875   5.287661    -1.87   0.063    -20.27418    .5241787
      22744  |    41.5625   5.287661     7.86   0.000     31.16332    51.96168
      23540  |      -20.5   5.287661    -3.88   0.000    -30.89918   -10.10082
      26140  |    -34.875   5.287661    -6.60   0.000    -45.27418   -24.47582
      27260  |    56.0625   5.287661    10.60   0.000     45.66332    66.46168
      29460  |   -14.5625   5.287661    -2.75   0.006    -24.96168   -4.163321
      33124  |     58.625   5.287661    11.09   0.000     48.22582    69.02418
      34940  |   -24.6875   5.287661    -4.67   0.000    -35.08668   -14.28832
      35840  |       10.5   5.287661     1.99   0.048     .1008213    20.89918
      36100  |   -19.4375   5.287661    -3.68   0.000    -29.83668   -9.038321
      36740  |    88.4375   5.287661    16.73   0.000     78.03832    98.83668
      37340  |    -8.8125   5.287661    -1.67   0.096    -19.21168    1.586679
      37460  |    -20.875   5.287661    -3.95   0.000    -31.27418   -10.47582
      37860  |    -15.125   5.287661    -2.86   0.004    -25.52418   -4.725821
      38940  |    -20.375   5.287661    -3.85   0.000    -30.77418   -9.975821
      39460  |   -33.5625   5.287661    -6.35   0.000    -43.96168   -23.16332
      42680  |     -32.75   5.287661    -6.19   0.000    -43.14918   -22.35082
      42700  |    -35.375   5.287661    -6.69   0.000    -45.77418   -24.97582
      45220  |    -18.875   5.287661    -3.57   0.000    -29.27418   -8.475821
      45300  |   123.8125   5.287661    23.42   0.000     113.4133    134.2117
      45540  |  -40.96744   5.474341    -7.48   0.000    -51.73376   -30.20112
      48424  |    29.3125   5.287661     5.54   0.000     18.91332    39.71168
             |
        year |
       2019  |  -1.968421    2.17001    -0.91   0.365    -6.236154    2.299312
       2020  |   4.362034   3.417009     1.28   0.203    -2.358155    11.08222
       2021  |   18.88981   4.136724     4.57   0.000     10.75417    27.02546
             |
       _cons |   41.21213   3.967731    10.39   0.000     33.40884    49.01542
------------------------------------------------------------------------------

. 
. 
. 
. 
end of do-file

