-------------------------------------------------------------------------------------
      name:  <unnamed>
       log:  /Users/yoga/Dropbox/0 FSU/4_2022 fall/2_applied economics/2 generate my 
> dataset_run code/did code/DID_Ayla_0922.log
  log type:  text
 opened on:  23 Sep 2022, 19:37:00

. clear all

. set linesize 85

. macro drop _all

. 
. sysuse louisana_clean_emp_with_shock_info.dta

. 
. //examine how Hurricane influence county's labor market
. /*the independent variable include 
> 1) affected_county_after_shock: is the interaction term of affected county* after s
> hock
> 2) affected county is a dummy variable equal to 1 when the county is shocked by hur
> ricane
> 3) after 2005q3 is a dummy variable equal to 1 if the time is after 20005 quarter t
> hree
> */
. //first is the employment_number_in_quarter, the dependent variable is qtr_emp
. 
. reg qtr_emp affected_county_after_shock after_2005q3 affected_county year, r

Linear regression                               Number of obs     =      1,280
                                                F(4, 1275)        =      28.42
                                                Prob > F          =     0.0000
                                                R-squared         =     0.1370
                                                Root MSE          =     1.4e+05

------------------------------------------------------------------------------------
                   |               Robust
           qtr_emp |      Coef.   Std. Err.      t    P>|t|     [95% Conf. Interval]
-------------------+----------------------------------------------------------------
affected_county_~k |  -12805.98   22491.43    -0.57   0.569    -56930.25    31318.29
      after_2005q3 |  -381.5952   14046.62    -0.03   0.978    -27938.62    27175.43
   affected_county |   125868.9    15978.7     7.88   0.000     94521.45    157216.3
              year |   1127.008   5315.779     0.21   0.832    -9301.627    11555.64
             _cons |   -2210650   1.07e+07    -0.21   0.836    -2.31e+07    1.87e+07
------------------------------------------------------------------------------------

. 
. reg qtr_emp affected_county_after_shock after_2005q3 affected_county year

      Source |       SS           df       MS      Number of obs   =     1,280
-------------+----------------------------------   F(4, 1275)      =     50.62
       Model |  3.9799e+12         4  9.9498e+11   Prob > F        =    0.0000
    Residual |  2.5062e+13     1,275  1.9657e+10   R-squared       =    0.1370
-------------+----------------------------------   Adj R-squared   =    0.1343
       Total |  2.9042e+13     1,279  2.2707e+10   Root MSE        =    1.4e+05

------------------------------------------------------------------------------------
           qtr_emp |      Coef.   Std. Err.      t    P>|t|     [95% Conf. Interval]
-------------------+----------------------------------------------------------------
affected_county_~k |  -12805.98   16994.27    -0.75   0.451    -46145.78    20533.82
      after_2005q3 |  -381.5952   15991.02    -0.02   0.981    -31753.21    30990.02
   affected_county |   125868.9    11400.1    11.04   0.000     103503.9    148233.9
              year |   1127.008   5306.059     0.21   0.832    -9282.559    11536.58
             _cons |   -2210650   1.06e+07    -0.21   0.835    -2.31e+07    1.86e+07
------------------------------------------------------------------------------------

. 
. reg qtr_emp affected_county_after_shock after_2005q3 affected_county i.year

      Source |       SS           df       MS      Number of obs   =     1,280
-------------+----------------------------------   F(7, 1272)      =     28.86
       Model |  3.9809e+12         7  5.6870e+11   Prob > F        =    0.0000
    Residual |  2.5061e+13     1,272  1.9702e+10   R-squared       =    0.1371
-------------+----------------------------------   Adj R-squared   =    0.1323
       Total |  2.9042e+13     1,279  2.2707e+10   Root MSE        =    1.4e+05

------------------------------------------------------------------------------------
           qtr_emp |      Coef.   Std. Err.      t    P>|t|     [95% Conf. Interval]
-------------------+----------------------------------------------------------------
affected_county_~k |  -12805.98   17013.97    -0.75   0.452    -46184.52    20572.56
      after_2005q3 |  -1090.017   20946.03    -0.05   0.959    -42182.58    40002.54
   affected_county |   125868.9   11413.32    11.03   0.000     103477.9    148259.9
                   |
              year |
             2004  |   399.0625   12406.66     0.03   0.974     -23940.7    24738.82
             2005  |   481.5573   13400.72     0.04   0.971    -25808.39     26771.5
             2006  |   2691.358   23756.94     0.11   0.910    -43915.73    49298.45
             2007  |   5551.526   23756.94     0.23   0.815    -41055.56    52158.62
                   |
             _cons |    47495.4   9470.145     5.02   0.000     28916.57    66074.22
------------------------------------------------------------------------------------

. 
. reg qtr_emp affected_county_after_shock after_2005q3 affected_county i.year i.area_
> fips
note: 22127.area_fips omitted because of collinearity

      Source |       SS           df       MS      Number of obs   =     1,280
-------------+----------------------------------   F(69, 1210)     =   1218.85
       Model |  2.8630e+13        69  4.1493e+11   Prob > F        =    0.0000
    Residual |  4.1192e+11     1,210   340431131   R-squared       =    0.9858
-------------+----------------------------------   Adj R-squared   =    0.9850
       Total |  2.9042e+13     1,279  2.2707e+10   Root MSE        =     18451

------------------------------------------------------------------------------------
           qtr_emp |      Coef.   Std. Err.      t    P>|t|     [95% Conf. Interval]
-------------------+----------------------------------------------------------------
affected_county_~k |  -12805.98   2236.458    -5.73   0.000    -17193.74   -8418.213
      after_2005q3 |  -1090.017   2753.319    -0.40   0.692    -6491.827    4311.793
   affected_county |   34771.59   5920.808     5.87   0.000      23155.4    46387.78
                   |
              year |
             2004  |   399.0625   1630.834     0.24   0.807    -2800.513    3598.638
             2005  |   481.5573   1761.502     0.27   0.785    -2974.379    3937.494
             2006  |   2691.358   3122.809     0.86   0.389    -3435.363    8818.079
             2007  |   5551.526   3122.809     1.78   0.076    -575.1948    11678.25
                   |
         area_fips |
            22003  |   10543.55   5834.648     1.81   0.071    -903.5996     21990.7
            22005  |   79779.05   5834.648    13.67   0.000      68331.9     91226.2
            22007  |  -29003.45   5834.648    -4.97   0.000     -40450.6    -17556.3
            22009  |   17432.95   5834.648     2.99   0.003       5985.8     28880.1
            22011  |   10260.05   5834.648     1.76   0.079      -1187.1     21707.2
            22013  |   -2421.45   5834.648    -0.42   0.678     -13868.6      9025.7
            22015  |   102027.8   5834.648    17.49   0.000      90580.6    113474.9
            22017  |   350596.2   5834.648    60.09   0.000     339149.1    362043.3
            22019  |   206990.9   5834.648    35.48   0.000     195543.8    218438.1
            22021  |   -7631.15   5834.648    -1.31   0.191     -19078.3        3816
            22023  |  -35670.15   5834.648    -6.11   0.000     -47117.3      -24223
            22025  |      -7955   5834.648    -1.36   0.173    -19402.15     3492.15
            22027  |    -2211.4   5834.648    -0.38   0.705    -13658.55     9235.75
            22029  |     967.95   5834.648     0.17   0.868     -10479.2     12415.1
            22031  |       3170   5834.648     0.54   0.587     -8277.15    14617.15
            22033  |   712856.2   5834.648   122.18   0.000     701409.1    724303.4
            22035  |   -8857.95   5834.648    -1.52   0.129     -20305.1      2589.2
            22037  |     788.25   5834.648     0.14   0.893     -10658.9     12235.4
            22039  |     8190.6   5834.648     1.40   0.161     -3256.55    19637.75
            22041  |     1193.7   5834.648     0.20   0.838    -10253.45    12640.85
            22043  |    -5793.5   5834.648    -0.99   0.321    -17240.65     5653.65
            22045  |    52827.8   5834.648     9.05   0.000     41380.65    64274.95
            22047  |   26641.75   5834.648     4.57   0.000      15194.6     38088.9
            22049  |    -4282.4   5834.648    -0.73   0.463    -15729.55     7164.75
            22051  |   563471.2   5834.648    96.57   0.000     552024.1    574918.3
            22053  |    9702.55   5834.648     1.66   0.097      -1744.6     21149.7
            22055  |   359987.2   5834.648    61.70   0.000       348540    371434.3
            22057  |   58733.75   5834.648    10.07   0.000      47286.6     70180.9
            22059  |   -3810.05   5834.648    -0.65   0.514     -15257.2      7637.1
            22061  |   37995.85   5834.648     6.51   0.000      26548.7       49443
            22063  |   14197.65   5834.648     2.43   0.015       2750.5     25644.8
            22065  |    -4750.4   5834.648    -0.81   0.416    -16197.55     6696.75
            22067  |    7625.65   5834.648     1.31   0.191      -3821.5     19072.8
            22069  |    27167.8   5834.648     4.66   0.000     15720.65    38614.95
            22071  |     572527   5834.648    98.13   0.000     561079.9    583974.2
            22073  |   197943.3   5834.648    33.93   0.000     186496.2    209390.4
            22075  |     117.15   5834.648     0.02   0.984       -11330     11564.3
            22077  |    1171.65   5834.648     0.20   0.841     -10275.5     12618.8
            22079  |     160507   5834.648    27.51   0.000     149059.8    171954.1
            22081  |   -8346.35   5834.648    -1.43   0.153     -19793.5      3100.8
            22083  |    2653.25   5834.648     0.45   0.649      -8793.9     14100.4
            22085  |    1556.25   5834.648     0.27   0.790      -9890.9     13003.4
            22087  |    -5098.9   5834.648    -0.87   0.382    -16546.05     6348.25
            22089  |    23864.7   5834.648     4.09   0.000     12417.55    35311.85
            22091  |  -10702.85   5834.648    -1.83   0.067       -22150    744.2996
            22093  |     6217.9   5834.648     1.07   0.287     -5229.25    17665.05
            22095  |      -3756   5834.648    -0.64   0.520    -15203.15     7691.15
            22097  |    55685.9   5834.648     9.54   0.000     44238.75    67133.05
            22099  |   15692.95   5834.648     2.69   0.007       4245.8     27140.1
            22101  |    34775.3   5834.648     5.96   0.000     23328.15    46222.45
            22103  |   160345.6   5834.648    27.48   0.000     148898.5    171792.8
            22105  |    71594.9   5834.648    12.27   0.000     60147.75    83042.05
            22107  |  -10594.95   5834.648    -1.82   0.070     -22042.1    852.1996
            22109  |   112519.4   5834.648    19.28   0.000     101072.3    123966.6
            22111  |    1878.55   5834.648     0.32   0.748      -9568.6     13325.7
            22113  |   -3932.85   5834.648    -0.67   0.500       -15380      7514.3
            22115  |    28029.4   5834.648     4.80   0.000     16582.25    39476.55
            22117  |   -11735.8   5834.648    -2.01   0.045    -23182.95   -288.6504
            22119  |    23560.2   5834.648     4.04   0.000     12113.05    35007.35
            22121  |    15370.3   5834.648     2.63   0.009      3923.15    26817.45
            22123  |      -6293   5834.648    -1.08   0.281    -17740.15     5154.15
            22125  |    1406.35   5834.648     0.24   0.810     -10040.8     12853.5
            22127  |          0  (omitted)
                   |
             _cons |   13811.46   4264.307     3.24   0.001       5445.2    22177.71
------------------------------------------------------------------------------------

. 
. 
. //second  the total wages in quarter, the dependent variable is total_qtrly_wages
. reg total_qtrly_wages affected_county_after_shock after_2005q3 affected_county year
> , r

Linear regression                               Number of obs     =      1,280
                                                F(4, 1275)        =      30.01
                                                Prob > F          =     0.0000
                                                R-squared         =     0.1447
                                                Root MSE          =     4.3e+08

------------------------------------------------------------------------------------
                   |               Robust
 total_qtrly_wages |      Coef.   Std. Err.      t    P>|t|     [95% Conf. Interval]
-------------------+----------------------------------------------------------------
affected_county_~k |   4.27e+07   7.07e+07     0.61   0.545    -9.59e+07    1.81e+08
      after_2005q3 |  -721025.9   4.22e+07    -0.02   0.986    -8.34e+07    8.20e+07
   affected_county |   3.57e+08   4.58e+07     7.81   0.000     2.68e+08    4.47e+08
              year |    9779058   1.60e+07     0.61   0.542    -2.17e+07    4.13e+07
             _cons |  -1.95e+10   3.22e+10    -0.61   0.545    -8.26e+10    4.36e+10
------------------------------------------------------------------------------------

. 
. reg total_qtrly_wages affected_county_after_shock after_2005q3 affected_county year

      Source |       SS           df       MS      Number of obs   =     1,280
-------------+----------------------------------   F(4, 1275)      =     53.91
       Model |  3.9613e+19         4  9.9033e+18   Prob > F        =    0.0000
    Residual |  2.3420e+20     1,275  1.8369e+17   R-squared       =    0.1447
-------------+----------------------------------   Adj R-squared   =    0.1420
       Total |  2.7381e+20     1,279  2.1408e+17   Root MSE        =    4.3e+08

------------------------------------------------------------------------------------
 total_qtrly_wages |      Coef.   Std. Err.      t    P>|t|     [95% Conf. Interval]
-------------------+----------------------------------------------------------------
affected_county_~k |   4.27e+07   5.19e+07     0.82   0.411    -5.92e+07    1.45e+08
      after_2005q3 |  -721025.9   4.89e+07    -0.01   0.988    -9.66e+07    9.52e+07
   affected_county |   3.57e+08   3.48e+07    10.25   0.000     2.89e+08    4.26e+08
              year |    9779058   1.62e+07     0.60   0.547    -2.20e+07    4.16e+07
             _cons |  -1.95e+10   3.25e+10    -0.60   0.549    -8.32e+10    4.43e+10
------------------------------------------------------------------------------------

. 
. reg total_qtrly_wages affected_county_after_shock after_2005q3 affected_county i.ye
> ar

      Source |       SS           df       MS      Number of obs   =     1,280
-------------+----------------------------------   F(7, 1272)      =     30.75
       Model |  3.9633e+19         7  5.6618e+18   Prob > F        =    0.0000
    Residual |  2.3418e+20     1,272  1.8410e+17   R-squared       =    0.1447
-------------+----------------------------------   Adj R-squared   =    0.1400
       Total |  2.7381e+20     1,279  2.1408e+17   Root MSE        =    4.3e+08

------------------------------------------------------------------------------------
 total_qtrly_wages |      Coef.   Std. Err.      t    P>|t|     [95% Conf. Interval]
-------------------+----------------------------------------------------------------
affected_county_~k |   4.27e+07   5.20e+07     0.82   0.411    -5.93e+07    1.45e+08
      after_2005q3 |    4195401   6.40e+07     0.07   0.948    -1.21e+08    1.30e+08
   affected_county |   3.57e+08   3.49e+07    10.24   0.000     2.89e+08    4.26e+08
                   |
              year |
             2004  |    8913938   3.79e+07     0.24   0.814    -6.55e+07    8.33e+07
             2005  |   1.34e+07   4.10e+07     0.33   0.744    -6.70e+07    9.37e+07
             2006  |   1.69e+07   7.26e+07     0.23   0.816    -1.26e+08    1.59e+08
             2007  |   3.75e+07   7.26e+07     0.52   0.605    -1.05e+08    1.80e+08
                   |
             _cons |   1.11e+08   2.89e+07     3.83   0.000     5.41e+07    1.68e+08
------------------------------------------------------------------------------------

. 
. reg total_qtrly_wages affected_county_after_shock after_2005q3 affected_county i.ye
> ar i.area_fips
note: 22127.area_fips omitted because of collinearity

      Source |       SS           df       MS      Number of obs   =     1,280
-------------+----------------------------------   F(69, 1210)     =   1273.04
       Model |  2.7009e+20        69  3.9144e+18   Prob > F        =    0.0000
    Residual |  3.7206e+18     1,210  3.0748e+15   R-squared       =    0.9864
-------------+----------------------------------   Adj R-squared   =    0.9856
       Total |  2.7381e+20     1,279  2.1408e+17   Root MSE        =    5.5e+07

------------------------------------------------------------------------------------
 total_qtrly_wages |      Coef.   Std. Err.      t    P>|t|     [95% Conf. Interval]
-------------------+----------------------------------------------------------------
affected_county_~k |   4.27e+07    6721371     6.36   0.000     2.96e+07    5.59e+07
      after_2005q3 |    4195401    8274728     0.51   0.612    -1.20e+07    2.04e+07
   affected_county |   4.85e+07   1.78e+07     2.73   0.006     1.36e+07    8.34e+07
                   |
              year |
             2004  |    8913938    4901250     1.82   0.069    -701953.3    1.85e+07
             2005  |   1.34e+07    5293955     2.52   0.012      2977781    2.38e+07
             2006  |   1.69e+07    9385178     1.80   0.072     -1505744    3.53e+07
             2007  |   3.75e+07    9385178     4.00   0.000     1.91e+07    5.59e+07
                   |
         area_fips |
            22003  |   2.25e+07   1.75e+07     1.29   0.199    -1.19e+07    5.69e+07
            22005  |   2.58e+08   1.75e+07    14.73   0.000     2.24e+08    2.93e+08
            22007  |  -5.95e+07   1.75e+07    -3.39   0.001    -9.39e+07   -2.51e+07
            22009  |   2.60e+07   1.75e+07     1.48   0.139     -8411036    6.04e+07
            22011  |   3.09e+07   1.75e+07     1.76   0.078     -3460847    6.53e+07
            22013  |   -3755180   1.75e+07    -0.21   0.830    -3.82e+07    3.06e+07
            22015  |   2.39e+08   1.75e+07    13.65   0.000     2.05e+08    2.74e+08
            22017  |   9.99e+08   1.75e+07    56.96   0.000     9.64e+08    1.03e+09
            22019  |   6.08e+08   1.75e+07    34.69   0.000     5.74e+08    6.43e+08
            22021  |  -1.91e+07   1.75e+07    -1.09   0.278    -5.35e+07    1.54e+07
            22023  |  -7.55e+07   1.75e+07    -4.30   0.000    -1.10e+08   -4.11e+07
            22025  |  -2.11e+07   1.75e+07    -1.20   0.229    -5.55e+07    1.33e+07
            22027  |   -3135712   1.75e+07    -0.18   0.858    -3.75e+07    3.13e+07
            22029  |  -584835.2   1.75e+07    -0.03   0.973    -3.50e+07    3.38e+07
            22031  |   1.56e+07   1.75e+07     0.89   0.375    -1.88e+07    5.00e+07
            22033  |   2.15e+09   1.75e+07   122.46   0.000     2.11e+09    2.18e+09
            22035  |  -2.16e+07   1.75e+07    -1.23   0.219    -5.60e+07    1.28e+07
            22037  |    4064256   1.75e+07     0.23   0.817    -3.03e+07    3.85e+07
            22039  |   1.37e+07   1.75e+07     0.78   0.434    -2.07e+07    4.81e+07
            22041  |   -5012688   1.75e+07    -0.29   0.775    -3.94e+07    2.94e+07
            22043  |  -1.22e+07   1.75e+07    -0.69   0.488    -4.66e+07    2.22e+07
            22045  |   1.85e+08   1.75e+07    10.53   0.000     1.50e+08    2.19e+08
            22047  |   1.21e+08   1.75e+07     6.89   0.000     8.65e+07    1.55e+08
            22049  |   -6273889   1.75e+07    -0.36   0.721    -4.07e+07    2.81e+07
            22051  |   1.71e+09   1.75e+07    97.27   0.000     1.67e+09    1.74e+09
            22053  |   1.78e+07   1.75e+07     1.02   0.310    -1.66e+07    5.22e+07
            22055  |   1.12e+09   1.75e+07    63.76   0.000     1.08e+09    1.15e+09
            22057  |   2.02e+08   1.75e+07    11.51   0.000     1.67e+08    2.36e+08
            22059  |  -1.03e+07   1.75e+07    -0.59   0.558    -4.47e+07    2.41e+07
            22061  |   8.95e+07   1.75e+07     5.10   0.000     5.51e+07    1.24e+08
            22063  |   2.91e+07   1.75e+07     1.66   0.097     -5293591    6.35e+07
            22065  |  -1.36e+07   1.75e+07    -0.78   0.437    -4.80e+07    2.08e+07
            22067  |   1.95e+07   1.75e+07     1.11   0.266    -1.49e+07    5.39e+07
            22069  |   5.80e+07   1.75e+07     3.31   0.001     2.36e+07    9.24e+07
            22071  |   1.98e+09   1.75e+07   113.14   0.000     1.95e+09    2.02e+09
            22073  |   4.97e+08   1.75e+07    28.36   0.000     4.63e+08    5.32e+08
            22075  |   6.43e+07   1.75e+07     3.67   0.000     2.99e+07    9.87e+07
            22077  |    2472968   1.75e+07     0.14   0.888    -3.19e+07    3.69e+07
            22079  |   4.11e+08   1.75e+07    23.45   0.000     3.77e+08    4.46e+08
            22081  |  -1.96e+07   1.75e+07    -1.12   0.264    -5.40e+07    1.48e+07
            22083  |    1335321   1.75e+07     0.08   0.939    -3.31e+07    3.57e+07
            22085  |   553981.7   1.75e+07     0.03   0.975    -3.38e+07    3.50e+07
            22087  |    8435119   1.75e+07     0.48   0.631    -2.60e+07    4.28e+07
            22089  |   1.67e+08   1.75e+07     9.50   0.000     1.32e+08    2.01e+08
            22091  |  -2.49e+07   1.75e+07    -1.42   0.156    -5.93e+07     9540047
            22093  |   4.19e+07   1.75e+07     2.39   0.017      7516039    7.63e+07
            22095  |   2.32e+07   1.75e+07     1.32   0.186    -1.12e+07    5.76e+07
            22097  |   1.31e+08   1.75e+07     7.46   0.000     9.65e+07    1.65e+08
            22099  |   2.93e+07   1.75e+07     1.67   0.094     -5053111    6.38e+07
            22101  |   1.45e+08   1.75e+07     8.29   0.000     1.11e+08    1.80e+08
            22103  |   4.37e+08   1.75e+07    24.91   0.000     4.02e+08    4.71e+08
            22105  |   1.53e+08   1.75e+07     8.71   0.000     1.18e+08    1.87e+08
            22107  |  -2.41e+07   1.75e+07    -1.37   0.170    -5.85e+07    1.03e+07
            22109  |   3.63e+08   1.75e+07    20.70   0.000     3.28e+08    3.97e+08
            22111  |   -1252022   1.75e+07    -0.07   0.943    -3.57e+07    3.32e+07
            22113  |    4811205   1.75e+07     0.27   0.784    -2.96e+07    3.92e+07
            22115  |   6.49e+07   1.75e+07     3.70   0.000     3.05e+07    9.93e+07
            22117  |  -2.90e+07   1.75e+07    -1.65   0.099    -6.34e+07     5409648
            22119  |   5.87e+07   1.75e+07     3.35   0.001     2.43e+07    9.31e+07
            22121  |   5.43e+07   1.75e+07     3.10   0.002     1.99e+07    8.88e+07
            22123  |  -1.59e+07   1.75e+07    -0.90   0.366    -5.03e+07    1.85e+07
            22125  |   2.24e+07   1.75e+07     1.28   0.201    -1.20e+07    5.68e+07
            22127  |          0  (omitted)
                   |
             _cons |   1.66e+07   1.28e+07     1.30   0.195     -8513822    4.18e+07
------------------------------------------------------------------------------------

. 
. 
. /* becasue the interaction term (i.e., affected_county_after_shock) is statisticall
> y significant,
> my assumption that hurricane in 2005 heavily shocked the employment number are supp
> orted.
> 
> However, the hurricane in 2005 increase the total wage, which is beyond my expectat
> ion.
> */
. 
. 
. 
. 
. 
. 
end of do-file

